  array.cpp
  box.cpp
  capsule.cpp
  collision_cylinder_box.cpp
  collision_cylinder_plane.cpp
  collision_cylinder_sphere.cpp
  collision_cylinder_trimesh.cpp
  collision_kernel.cpp
  collision_quadtreespace.cpp
  collision_sapspace.cpp
  collision_space.cpp
  collision_transform.cpp
  collision_trimesh_box.cpp
  collision_trimesh_ccylinder.cpp
  collision_trimesh_disabled.cpp
  collision_trimesh_distance.cpp
  collision_trimesh_gimpact.cpp
  collision_trimesh_opcode.cpp
  collision_trimesh_plane.cpp
  collision_trimesh_ray.cpp
  collision_trimesh_sphere.cpp
  collision_trimesh_trimesh.cpp
  collision_trimesh_trimesh_new.cpp
  collision_util.cpp
  convex.cpp
  cylinder.cpp
  error.cpp
  export-dif.cpp
  heightfield.cpp
  amotor.cpp
  ball.cpp
  contact.cpp
  fixed.cpp
  hinge.cpp
  hinge2.cpp
  joint.cpp
  lmotor.cpp
  null.cpp
  piston.cpp
  plane2d.cpp
  pr.cpp
  pu.cpp
  slider.cpp
  universal.cpp
  lcp.cpp
  mass.cpp
  mat.cpp
  matrix.cpp
  memory.cpp
  misc.cpp
  obstack.cpp
  ode.cpp
  odeinit.cpp
  odemath.cpp
  odeou.cpp
  odetls.cpp
  IceAABB.cpp
  IceContainer.cpp
  IceHPoint.cpp
  IceIndexedTriangle.cpp
  IceMatrix3x3.cpp
  IceMatrix4x4.cpp
  IceOBB.cpp
  IcePlane.cpp
  IcePoint.cpp
  IceRandom.cpp
  IceRay.cpp
  IceRevisitedRadix.cpp
  IceSegment.cpp
  IceTriangle.cpp
  IceUtils.cpp
  Opcode.cpp
  OPC_AABBCollider.cpp
  OPC_AABBTree.cpp
  OPC_BaseModel.cpp
  OPC_Collider.cpp
  OPC_Common.cpp
  OPC_HybridModel.cpp
  OPC_LSSCollider.cpp
  OPC_MeshInterface.cpp
  OPC_Model.cpp
  OPC_OBBCollider.cpp
  OPC_OptimizedTree.cpp
  OPC_Picking.cpp
  OPC_PlanesCollider.cpp
  OPC_RayCollider.cpp
  OPC_SphereCollider.cpp
  OPC_TreeBuilders.cpp
  OPC_TreeCollider.cpp
  OPC_VolumeCollider.cpp
  plane.cpp
  quickstep.cpp
  ray.cpp
  rotation.cpp
  sphere.cpp
  step.cpp
  stepfast.cpp
  testing.cpp
  timer.cpp
  util.cpp
  fastdot.c
  fastldlt.c
  fastlsolve.c
  fastltsolve.c
